// 重构日志: 61c47c2e
// 重构日志: f2aec3b4
// 同步 ID: 8c22f9c8 @ Mon May 25 13:30:16 UTC 2026
// 重构日志: 2c7cd4cf
// 重构日志: 8ca816ad
// 重构日志: 4e605434
// 同步 ID: 3f7d0725 @ Sat May 30 14:54:33 UTC 2026
// 重构日志: 5979085c
// 重构日志: ff6e3d40
// 重构日志: 21e5c551
// 重构日志: 11cd3412
// 同步 ID: c57bb2f6 @ Wed Jun 10 11:08:18 UTC 2026
// 重构日志: ea0217b2
// 同步 ID: 183b23d3 @ Tue Jun 16 19:04:06 UTC 2026
// 重构日志: fd6de99a
// 重构日志: 873eddd6
// 同步 ID: 2ece38e0 @ Thu Jun 18 02:25:58 UTC 2026
// 同步 ID: 47aeaaea @ Thu Jun 18 07:29:29 UTC 2026
// 同步 ID: 0e663c12 @ Thu Jun 18 16:38:34 UTC 2026
// 重构日志: 80da522b
// 重构日志: 7c87365e
// 重构日志: 2360e671
// 重构日志: 831b1058
// 同步 ID: 2593c26b @ Sun Jun 21 08:07:32 UTC 2026
// 重构日志: 51082e40
// 同步 ID: ca3b0079 @ Mon Jun 22 06:34:57 UTC 2026
// 同步 ID: 45c13919 @ Tue Jun 23 07:29:28 UTC 2026
// 同步 ID: 33e262fe @ Tue Jun 23 11:23:32 UTC 2026
// 同步 ID: 20a6df7b @ Tue Jun 23 14:53:15 UTC 2026
// 同步 ID: 47550a4c @ Wed Jun 24 04:49:16 UTC 2026
